\BOOKMARK [1][-]{section.1}{\376\377\137\025\212\000}{}% 1
\BOOKMARK [2][-]{subsection.1.1}{\376\377\225\356\230\230\200\314\146\157}{section.1}% 2
\BOOKMARK [2][-]{subsection.1.2}{\376\377\150\070\137\303\225\356\230\230\377\032\122\006\123\072\117\040\144\255}{section.1}% 3
\BOOKMARK [1][-]{section.2}{\376\377\225\356\230\230\136\372\152\041}{}% 4
\BOOKMARK [2][-]{subsection.2.1}{\376\377\173\046\123\367\133\232\116\111}{section.2}% 5
\BOOKMARK [2][-]{subsection.2.2}{\376\377\122\006\123\072\145\271\150\110\210\150\171\072}{section.2}% 6
\BOOKMARK [2][-]{subsection.2.3}{\376\377\213\241\173\227\116\343\116\367\152\041\127\213}{section.2}% 7
\BOOKMARK [2][-]{subsection.2.4}{\376\377\145\160\143\156\221\315\122\006\136\003\116\343\116\367\152\041\127\213}{section.2}% 8
\BOOKMARK [3][-]{subsubsection.2.4.1}{\376\377\221\315\122\006\136\003\174\173\127\213\122\044\133\232}{subsection.2.4}% 9
\BOOKMARK [3][-]{subsubsection.2.4.2}{\376\377\220\032\117\341\221\317\213\241\173\227}{subsection.2.4}% 10
\BOOKMARK [3][-]{subsubsection.2.4.3}{\376\377\145\366\225\364\116\016\200\375\200\027\116\343\116\367}{subsection.2.4}% 11
\BOOKMARK [3][-]{subsubsection.2.4.4}{\376\377\133\214\145\164\166\204\000\040\000R\000e\000d\000i\000s\000t\000\040\121\375\145\160}{subsection.2.4}% 12
\BOOKMARK [1][-]{section.3}{\376\377\145\164\145\160\176\277\140\047\211\304\122\022\121\154\137\017}{}% 13
\BOOKMARK [2][-]{subsection.3.1}{\376\377\121\263\173\126\123\330\221\317}{section.3}% 14
\BOOKMARK [2][-]{subsection.3.2}{\376\377\176\246\147\137\147\141\116\366}{section.3}% 15
\BOOKMARK [2][-]{subsection.3.3}{\376\377\166\356\150\007\121\375\145\160}{section.3}% 16
\BOOKMARK [2][-]{subsection.3.4}{\376\377\133\214\145\164\000I\000L\000P\121\154\137\017}{section.3}% 17
\BOOKMARK [1][-]{section.4}{\376\377\173\227\154\325\133\236\163\260}{}% 18
\BOOKMARK [2][-]{subsection.4.1}{\376\377\173\227\154\325\155\101\172\013}{section.4}% 19
\BOOKMARK [2][-]{subsection.4.2}{\376\377\131\015\147\102\136\246\122\006\147\220}{section.4}% 20
\BOOKMARK [1][-]{section.5}{\376\377\116\343\170\001\133\236\163\260\213\346\211\343}{}% 21
\BOOKMARK [2][-]{subsection.5.1}{\376\377\150\070\137\303\145\160\143\156\176\323\147\204}{section.5}% 22
\BOOKMARK [2][-]{subsection.5.2}{\376\377\000I\000L\000P\154\102\211\343\150\070\137\303\116\343\170\001}{section.5}% 23
\BOOKMARK [1][-]{section.6}{\376\377\133\236\232\214\176\323\147\234}{}% 24
\BOOKMARK [2][-]{subsection.6.1}{\376\377\133\236\232\214\213\276\177\156}{section.6}% 25
\BOOKMARK [2][-]{subsection.6.2}{\376\377\176\323\147\234\122\006\147\220}{section.6}% 26
\BOOKMARK [2][-]{subsection.6.3}{\376\377\116\016\215\052\137\303\145\271\154\325\133\371\153\324}{section.6}% 27
\BOOKMARK [1][-]{section.7}{\376\377\116\016\166\370\121\163\135\345\117\134\166\204\121\163\174\373}{}% 28
\BOOKMARK [2][-]{subsection.7.1}{\376\377\000n\000n\000\137\000d\000a\000t\000a\000f\000l\000o\000w}{section.7}% 29
\BOOKMARK [2][-]{subsection.7.2}{\376\377\000L\000E\000M\000O\000N}{section.7}% 30
\BOOKMARK [1][-]{section.8}{\376\377\176\323\213\272\116\016\134\125\147\033}{}% 31
\BOOKMARK [1][-]{appendix.A}{\376\377\133\214\145\164\116\343\170\001\156\005\123\125}{}% 32
